<?xml version="1.0" encoding="UTF-8"?>
<testng-results skipped="0" failed="0" ignored="0" total="0" passed="0">
  <reporter-output>
  </reporter-output>
  <suite name="newTours.MyMaven.AppTest" duration-ms="5" started-at="2019-03-20T09:38:49Z" finished-at="2019-03-20T09:38:49Z">
    <groups>
    </groups>
    <test name="Command line test" duration-ms="5" started-at="2019-03-20T09:38:49Z" finished-at="2019-03-20T09:38:49Z">
    </test> <!-- Command line test -->
  </suite> <!-- newTours.MyMaven.AppTest -->
</testng-results>
