<?xml version="1.0" encoding="UTF-8"?>
<testng-results skipped="0" failed="0" ignored="0" total="1" passed="1">
  <reporter-output>
  </reporter-output>
  <suite name="Default suite" duration-ms="14271" started-at="2019-03-19T21:49:00Z" finished-at="2019-03-19T21:49:14Z">
    <groups>
    </groups>
    <test name="Default test" duration-ms="14271" started-at="2019-03-19T21:49:00Z" finished-at="2019-03-19T21:49:14Z">
      <class name="newTours.MyMaven.LoginTest">
        <test-method status="PASS" signature="setUp()[pri:0, instance:newTours.MyMaven.LoginTest@1fffcd7]" name="setUp" is-config="true" duration-ms="8688" started-at="2019-03-19T21:49:00Z" finished-at="2019-03-19T21:49:08Z">
          <reporter-output>
          </reporter-output>
        </test-method> <!-- setUp -->
        <test-method status="PASS" signature="logIn()[pri:0, instance:newTours.MyMaven.LoginTest@1fffcd7]" name="logIn" duration-ms="4898" started-at="2019-03-19T21:49:09Z" finished-at="2019-03-19T21:49:13Z">
          <reporter-output>
          </reporter-output>
        </test-method> <!-- logIn -->
        <test-method status="PASS" signature="tearDown()[pri:0, instance:newTours.MyMaven.LoginTest@1fffcd7]" name="tearDown" is-config="true" duration-ms="670" started-at="2019-03-19T21:49:13Z" finished-at="2019-03-19T21:49:14Z">
          <reporter-output>
          </reporter-output>
        </test-method> <!-- tearDown -->
      </class> <!-- newTours.MyMaven.LoginTest -->
    </test> <!-- Default test -->
  </suite> <!-- Default suite -->
</testng-results>
