<?xml version="1.0" encoding="UTF-8"?>
<testng-results skipped="0" failed="0" ignored="0" total="1" passed="1">
  <reporter-output>
  </reporter-output>
  <suite name="Default suite" duration-ms="11512" started-at="2019-03-20T22:47:27Z" finished-at="2019-03-20T22:47:39Z">
    <groups>
    </groups>
    <test name="Default test" duration-ms="11512" started-at="2019-03-20T22:47:27Z" finished-at="2019-03-20T22:47:39Z">
      <class name="com.HandlingWindowBasedComponents.FileUpload">
        <test-method status="PASS" signature="setUp()[pri:0, instance:com.HandlingWindowBasedComponents.FileUpload@168ddbd]" name="setUp" is-config="true" duration-ms="8135" started-at="2019-03-20T22:47:27Z" finished-at="2019-03-20T22:47:35Z">
          <reporter-output>
          </reporter-output>
        </test-method> <!-- setUp -->
        <test-method status="PASS" signature="imageUpload()[pri:0, instance:com.HandlingWindowBasedComponents.FileUpload@168ddbd]" name="imageUpload" duration-ms="3356" started-at="2019-03-20T22:47:35Z" finished-at="2019-03-20T22:47:39Z">
          <reporter-output>
          </reporter-output>
        </test-method> <!-- imageUpload -->
      </class> <!-- com.HandlingWindowBasedComponents.FileUpload -->
    </test> <!-- Default test -->
  </suite> <!-- Default suite -->
</testng-results>
