<?xml version="1.0" encoding="UTF-8"?>
<testng-results skipped="0" failed="0" ignored="0" total="1" passed="1">
  <reporter-output>
  </reporter-output>
  <suite name="Default suite" duration-ms="11374" started-at="2019-03-07T23:47:33Z" finished-at="2019-03-07T23:47:44Z">
    <groups>
    </groups>
    <test name="Default test" duration-ms="11374" started-at="2019-03-07T23:47:33Z" finished-at="2019-03-07T23:47:44Z">
      <class name="com.NewTours.TestScripts.LoginTest">
        <test-method status="PASS" signature="login()[pri:0, instance:com.NewTours.TestScripts.LoginTest@186dec2]" name="login" duration-ms="11351" started-at="2019-03-07T23:47:33Z" finished-at="2019-03-07T23:47:44Z">
          <reporter-output>
          </reporter-output>
        </test-method> <!-- login -->
      </class> <!-- com.NewTours.TestScripts.LoginTest -->
    </test> <!-- Default test -->
  </suite> <!-- Default suite -->
</testng-results>
