<?xml version="1.0" encoding="UTF-8"?>
<!-- Generated by org.testng.reporters.JUnitXMLReporter -->
<testsuite hostname="abbar-PC" ignored="0" name="NewTours HomePage" tests="1" failures="1" timestamp="13 Mar 2019 22:34:06 GMT" time="5.799" errors="0">
  <testcase name="HomePage" time="0.01" classname="com.POM.NewTours_HomePageTesting">
    <failure type="java.lang.Error" message="Unresolved compilation problem: 
	The method Register1(String, String, double, String, String, String, String, String, String, String, String, String) in the type WelcomeMercuryTours is not applicable for the arguments (String, String, String, String, String, String, String, String, String, String, String, String)
">
      <![CDATA[java.lang.Error: Unresolved compilation problem: 
The method Register1(String, String, double, String, String, String, String, String, String, String, String, String) in the type WelcomeMercuryTours is not applicable for the arguments (String, String, String, String, String, String, String, String, String, String, String, String)

at com.POM.NewTours_HomePageTesting.HomePage(NewTours_HomePageTesting.java:97)
... Removed 25 stack frames]]>
    </failure>
  </testcase> <!-- HomePage -->
</testsuite> <!-- NewTours HomePage -->
